<?xml version="1.0" encoding="UTF-8"?>
<!-- Generated by org.testng.reporters.JUnitReportReporter -->
<testsuite hostname="DESKTOP-LB4QEPV" failures="0" tests="1" name="ShadowDOM" time="0.250" errors="0" timestamp="2024-02-20T11:51:36 IST" skipped="0">
  <testcase classname="ShadowDOM" name="shadowDOM" time="0.250"/>
  <system-out/>
</testsuite> <!-- ShadowDOM -->
