<?xml version="1.0" encoding="UTF-8"?>
<!-- Generated by org.testng.reporters.JUnitReportReporter -->
<testsuite hostname="DESKTOP-LB4QEPV" failures="0" tests="2" name="Dataprovier" time="25.619" errors="0" timestamp="2024-02-20T17:47:07 IST" skipped="0">
  <testcase classname="Dataprovier" name="data" time="10.760"/>
  <system-out/>
  <testcase classname="Dataprovier" name="data" time="14.859"/>
  <system-out/>
</testsuite> <!-- Dataprovier -->
