<?xml version="1.0" encoding="UTF-8"?>
<!-- Generated by org.testng.reporters.JUnitReportReporter -->
<testsuite hostname="DESKTOP-LB4QEPV" failures="0" tests="16" name="Shopperstack.HybridFRM2" time="0.000" errors="0" timestamp="2024-02-19T15:03:09 IST" skipped="16">
  <testcase classname="Shopperstack.HybridFRM2" name="MN_034" time="0.000">
    <skipped/>
  </testcase> <!-- MN_034 -->
  <system-out/>
  <testcase classname="Shopperstack.HybridFRM2" name="MN_032" time="0.000">
    <skipped/>
  </testcase> <!-- MN_032 -->
  <system-out/>
  <testcase classname="Shopperstack.HybridFRM2" name="MN_021" time="0.000">
    <skipped/>
  </testcase> <!-- MN_021 -->
  <system-out/>
  <testcase classname="Shopperstack.HybridFRM2" name="MN_022" time="0.000">
    <skipped/>
  </testcase> <!-- MN_022 -->
  <system-out/>
  <testcase classname="Shopperstack.HybridFRM2" name="MN_017" time="0.000">
    <skipped/>
  </testcase> <!-- MN_017 -->
  <system-out/>
  <testcase classname="Shopperstack.HybridFRM2" name="MN_033" time="0.000">
    <skipped/>
  </testcase> <!-- MN_033 -->
  <system-out/>
  <testcase classname="Shopperstack.HybridFRM2" name="MN_030" time="0.000">
    <skipped/>
  </testcase> <!-- MN_030 -->
  <system-out/>
  <testcase classname="Shopperstack.HybridFRM2" name="MN_016" time="0.000">
    <skipped/>
  </testcase> <!-- MN_016 -->
  <system-out/>
  <testcase classname="Shopperstack.HybridFRM2" name="MN_018" time="0.000">
    <skipped/>
  </testcase> <!-- MN_018 -->
  <system-out/>
  <testcase classname="Shopperstack.HybridFRM2" name="MN_027" time="0.000">
    <skipped/>
  </testcase> <!-- MN_027 -->
  <system-out/>
  <testcase classname="Shopperstack.HybridFRM2" name="MN_023" time="0.000">
    <skipped/>
  </testcase> <!-- MN_023 -->
  <system-out/>
  <testcase classname="Shopperstack.HybridFRM2" name="MN_026" time="0.000">
    <skipped/>
  </testcase> <!-- MN_026 -->
  <system-out/>
  <testcase classname="Shopperstack.HybridFRM2" name="MN_024" time="0.000">
    <skipped/>
  </testcase> <!-- MN_024 -->
  <system-out/>
  <testcase classname="Shopperstack.HybridFRM2" name="MN_025" time="0.000">
    <skipped/>
  </testcase> <!-- MN_025 -->
  <system-out/>
  <testcase classname="Shopperstack.HybridFRM2" name="MN_019" time="0.000">
    <skipped/>
  </testcase> <!-- MN_019 -->
  <system-out/>
  <testcase classname="Shopperstack.HybridFRM2" name="MN_020" time="0.000">
    <skipped/>
  </testcase> <!-- MN_020 -->
  <system-out/>
</testsuite> <!-- Shopperstack.HybridFRM2 -->
