<?xml version="1.0" encoding="UTF-8"?>
<!-- Generated by org.testng.reporters.JUnitReportReporter -->
<testsuite hostname="DESKTOP-LB4QEPV" failures="0" tests="15" name="Shopperstack.HybridFRM3" time="0.000" errors="0" timestamp="2024-02-19T15:03:09 IST" skipped="15">
  <testcase classname="Shopperstack.HybridFRM3" name="MN_043" time="0.000">
    <skipped/>
  </testcase> <!-- MN_043 -->
  <system-out/>
  <testcase classname="Shopperstack.HybridFRM3" name="MN_040" time="0.000">
    <skipped/>
  </testcase> <!-- MN_040 -->
  <system-out/>
  <testcase classname="Shopperstack.HybridFRM3" name="MN_037" time="0.000">
    <skipped/>
  </testcase> <!-- MN_037 -->
  <system-out/>
  <testcase classname="Shopperstack.HybridFRM3" name="MN_044" time="0.000">
    <skipped/>
  </testcase> <!-- MN_044 -->
  <system-out/>
  <testcase classname="Shopperstack.HybridFRM3" name="MN_038" time="0.000">
    <skipped/>
  </testcase> <!-- MN_038 -->
  <system-out/>
  <testcase classname="Shopperstack.HybridFRM3" name="MN_050" time="0.000">
    <skipped/>
  </testcase> <!-- MN_050 -->
  <system-out/>
  <testcase classname="Shopperstack.HybridFRM3" name="MN_041" time="0.000">
    <skipped/>
  </testcase> <!-- MN_041 -->
  <system-out/>
  <testcase classname="Shopperstack.HybridFRM3" name="MN_045" time="0.000">
    <skipped/>
  </testcase> <!-- MN_045 -->
  <system-out/>
  <testcase classname="Shopperstack.HybridFRM3" name="MN_039" time="0.000">
    <skipped/>
  </testcase> <!-- MN_039 -->
  <system-out/>
  <testcase classname="Shopperstack.HybridFRM3" name="MN_042" time="0.000">
    <skipped/>
  </testcase> <!-- MN_042 -->
  <system-out/>
  <testcase classname="Shopperstack.HybridFRM3" name="MN_049" time="0.000">
    <skipped/>
  </testcase> <!-- MN_049 -->
  <system-out/>
  <testcase classname="Shopperstack.HybridFRM3" name="MN_048" time="0.000">
    <skipped/>
  </testcase> <!-- MN_048 -->
  <system-out/>
  <testcase classname="Shopperstack.HybridFRM3" name="MN_046" time="0.000">
    <skipped/>
  </testcase> <!-- MN_046 -->
  <system-out/>
  <testcase classname="Shopperstack.HybridFRM3" name="MN_035andMN_036" time="0.000">
    <skipped/>
  </testcase> <!-- MN_035andMN_036 -->
  <system-out/>
  <testcase classname="Shopperstack.HybridFRM3" name="MN_047" time="0.000">
    <skipped/>
  </testcase> <!-- MN_047 -->
  <system-out/>
</testsuite> <!-- Shopperstack.HybridFRM3 -->
