<?xml version="1.0" encoding="UTF-8"?>
<!-- Generated by org.testng.reporters.JUnitReportReporter -->
<testsuite hostname="DESKTOP-LB4QEPV" failures="0" tests="1" name="Slider" time="7.614" errors="0" timestamp="2024-02-19T18:15:18 IST" skipped="0">
  <testcase classname="Slider" name="slider" time="7.614"/>
  <system-out/>
</testsuite> <!-- Slider -->
