<?xml version="1.0" encoding="UTF-8"?>
<!-- Generated by org.testng.reporters.JUnitReportReporter -->
<testsuite hostname="DESKTOP-LB4QEPV" failures="0" tests="1" name="Spinner" time="7.327" errors="0" timestamp="2024-02-19T15:41:51 IST" skipped="0">
  <testcase classname="Spinner" name="spinner" time="7.327"/>
  <system-out/>
</testsuite> <!-- Spinner -->
