<?xml version="1.0" encoding="UTF-8"?>
<!-- Generated by org.testng.reporters.JUnitReportReporter -->
<testsuite hostname="DESKTOP-LB4QEPV" failures="0" tests="2" name="Demo" time="11.040" errors="0" timestamp="2024-02-25T14:19:08 IST" skipped="0">
  <testcase classname="Demo" name="testdata" time="5.722"/>
  <system-out/>
  <testcase classname="Demo" name="testdata" time="5.318"/>
  <system-out/>
</testsuite> <!-- Demo -->
